<?xml version="1.0" encoding="UTF-8"?>
<!-- Generated by org.testng.reporters.JUnitReportReporter -->
<testsuite skipped="0" hostname="Manoj-PC" name="com.mycompany.app.App" tests="2" failures="0" timestamp="03 Feb 2019 10:00:53 GMT" time="0.751" errors="0">
  <testcase name="print" time="0.239" classname="com.mycompany.app.App"/>
  <testcase name="insert_Data" time="0.512" classname="com.mycompany.app.App"/>
</testsuite> <!-- com.mycompany.app.App -->
