<?xml version="1.0" encoding="UTF-8"?>
<!-- Generated by org.testng.reporters.JUnitReportReporter -->
<testsuite skipped="0" hostname="Manoj-PC" name="com.mycompany.app.App" tests="2" failures="0" timestamp="26 Jan 2019 17:45:41 GMT" time="0.863" errors="0">
  <testcase name="Read_Data" time="0.847" classname="com.mycompany.app.App"/>
  <testcase name="Print_Data" time="0.016" classname="com.mycompany.app.App"/>
</testsuite> <!-- com.mycompany.app.App -->
